#-----------------------------------------------------------
# Webtalk v2019.1 (64-bit)
# SW Build 2552052 on Fri May 24 14:49:42 MDT 2019
# 
# Start of session at: Tue Jul 23 14:28:30 2019
# Process ID: 4612
# Current directory: E:/Ashan/20180916/versions/done_edited/done_edited.sdk/webtalk
# Command line: wbtcv.exe -mode batch -source sdk_webtalk.tcl
# Log file: E:/Ashan/20180916/versions/done_edited/done_edited.sdk/webtalk/webtalk.log
# Journal file: E:/Ashan/20180916/versions/done_edited/done_edited.sdk/webtalk\webtalk.jou
#-----------------------------------------------------------
source sdk_webtalk.tcl
# webtalk_init -webtalk_dir E:\\Ashan\\20180916\\versions\\done_edited\\done_edited.sdk\\webtalk
# webtalk_register_client -client project
# webtalk_add_data -client project -key date_generated -value "2019-07-23 14:28:28" -context "software_version_and_target_device"
# webtalk_add_data -client project -key product_version -value "SDK v2019.1" -context "software_version_and_target_device"
# webtalk_add_data -client project -key build_version -value "2019.1" -context "software_version_and_target_device"
# webtalk_add_data -client project -key os_platform -value "amd64" -context "software_version_and_target_device"
# webtalk_add_data -client project -key registration_id -value "" -context "software_version_and_target_device"
# webtalk_add_data -client project -key tool_flow -value "SDK" -context "software_version_and_target_device"
# webtalk_add_data -client project -key beta -value "false" -context "software_version_and_target_device"
# webtalk_add_data -client project -key route_design -value "NA" -context "software_version_and_target_device"
# webtalk_add_data -client project -key target_family -value "NA" -context "software_version_and_target_device"
# webtalk_add_data -client project -key target_device -value "NA" -context "software_version_and_target_device"
# webtalk_add_data -client project -key target_package -value "NA" -context "software_version_and_target_device"
# webtalk_add_data -client project -key target_speed -value "NA" -context "software_version_and_target_device"
# webtalk_add_data -client project -key random_id -value "i6rc7102pr2ognksujc2krapjt" -context "software_version_and_target_device"
# webtalk_add_data -client project -key project_id -value "2019.1_9" -context "software_version_and_target_device"
# webtalk_add_data -client project -key project_iteration -value "9" -context "software_version_and_target_device"
# webtalk_add_data -client project -key os_name -value "Microsoft Windows 8 or later , 64-bit" -context "user_environment"
# webtalk_add_data -client project -key os_release -value "major release  (build 9200)" -context "user_environment"
# webtalk_add_data -client project -key cpu_name -value "Intel(R) Core(TM) i7-8565U CPU @ 1.80GHz" -context "user_environment"
# webtalk_add_data -client project -key cpu_speed -value "1992 MHz" -context "user_environment"
# webtalk_add_data -client project -key total_processors -value "1" -context "user_environment"
# webtalk_add_data -client project -key system_ram -value "34.226 GB" -context "user_environment"
# webtalk_register_client -client sdk
# webtalk_add_data -client sdk -key uid -value "1563872225263" -context "sdk\\\\hardware/1563872225263"
# webtalk_add_data -client sdk -key isZynq -value "true" -context "sdk\\\\hardware/1563872225263"
# webtalk_add_data -client sdk -key isZynqMP -value "false" -context "sdk\\\\hardware/1563872225263"
# webtalk_add_data -client sdk -key Processors -value "2" -context "sdk\\\\hardware/1563872225263"
# webtalk_add_data -client sdk -key VivadoVersion -value "2019.1" -context "sdk\\\\hardware/1563872225263"
# webtalk_add_data -client sdk -key Arch -value "zynq" -context "sdk\\\\hardware/1563872225263"
# webtalk_add_data -client sdk -key Device -value "7z010" -context "sdk\\\\hardware/1563872225263"
# webtalk_add_data -client sdk -key IsHandoff -value "true" -context "sdk\\\\hardware/1563872225263"
# webtalk_add_data -client sdk -key os -value "NA" -context "sdk\\\\hardware/1563872225263"
# webtalk_add_data -client sdk -key apptemplate -value "NA" -context "sdk\\\\hardware/1563872225263"
# webtalk_add_data -client sdk -key RecordType -value "HWCreation" -context "sdk\\\\hardware/1563872225263"
# webtalk_add_data -client sdk -key uid -value "NA" -context "sdk\\\\bsp/1563872308425"
# webtalk_add_data -client sdk -key RecordType -value "ToolUsage" -context "sdk\\\\bsp/1563872308425"
# webtalk_add_data -client sdk -key BootgenCount -value "0" -context "sdk\\\\bsp/1563872308425"
# webtalk_add_data -client sdk -key DebugCount -value "0" -context "sdk\\\\bsp/1563872308425"
# webtalk_add_data -client sdk -key PerfCount -value "0" -context "sdk\\\\bsp/1563872308425"
# webtalk_add_data -client sdk -key FlashCount -value "0" -context "sdk\\\\bsp/1563872308425"
# webtalk_add_data -client sdk -key CrossTriggCount -value "0" -context "sdk\\\\bsp/1563872308425"
# webtalk_add_data -client sdk -key QemuDebugCount -value "0" -context "sdk\\\\bsp/1563872308425"
# webtalk_transmit -clientid 2754396697 -regid "" -xml E:\\Ashan\\20180916\\versions\\done_edited\\done_edited.sdk\\webtalk\\usage_statistics_ext_sdk.xml -html E:\\Ashan\\20180916\\versions\\done_edited\\done_edited.sdk\\webtalk\\usage_statistics_ext_sdk.html -wdm E:\\Ashan\\20180916\\versions\\done_edited\\done_edited.sdk\\webtalk\\sdk_webtalk.wdm -intro "<H3>SDK Usage Report</H3><BR>"
INFO: [Common 17-186] 'E:\Ashan\20180916\versions\done_edited\done_edited.sdk\webtalk\usage_statistics_ext_sdk.xml' has been successfully sent to Xilinx on Tue Jul 23 14:28:36 2019. For additional details about this file, please refer to the WebTalk help file at D:/Xilinx/SDK/2019.1/doc/webtalk_introduction.html.
webtalk_transmit: Time (s): cpu = 00:00:00 ; elapsed = 00:00:05 . Memory (MB): peak = 87.438 ; gain = 10.695
# webtalk_terminate
INFO: [Common 17-206] Exiting Webtalk at Tue Jul 23 14:28:36 2019...
