#-----------------------------------------------------------
# Vivado v2019.1 (64-bit)
# SW Build 2552052 on Fri May 24 14:49:42 MDT 2019
# IP Build 2548770 on Fri May 24 18:01:18 MDT 2019
# Start of session at: Tue Jul 23 10:50:28 2019
# Process ID: 10620
# Current directory: E:/Ashan/20180916/versions/done_edited
# Command line: vivado.exe -gui_launcher_event rodinguilauncherevent15344 E:\Ashan\20180916\versions\done_edited\done_edited.xpr
# Log file: E:/Ashan/20180916/versions/done_edited/vivado.log
# Journal file: E:/Ashan/20180916/versions/done_edited\vivado.jou
#-----------------------------------------------------------
start_gui
open_project E:/Ashan/20180916/versions/done_edited/done_edited.xpr
INFO: [Project 1-313] Project file moved from 'C:/Users/AshanWarnakulasuriya/Desktop/Mphil/20180916/done_edited' since last save.
Scanning sources...
Finished scanning sources
INFO: [IP_Flow 19-234] Refreshing IP repositories
INFO: [IP_Flow 19-1704] No user IP repositories specified
INFO: [IP_Flow 19-2313] Loaded Vivado IP repository 'D:/Xilinx/Vivado/2019.1/data/ip'.
open_project: Time (s): cpu = 00:00:34 ; elapsed = 00:00:27 . Memory (MB): peak = 725.109 ; gain = 122.086
update_compile_order -fileset sources_1
launch_sdk -workspace E:/Ashan/20180916/versions/done_edited/done_edited.sdk -hwspec E:/Ashan/20180916/versions/done_edited/done_edited.sdk/design_1_wrapper.hdf
INFO: [Vivado 12-393] Launching SDK...
INFO: [Vivado 12-417] Running xsdk -workspace E:/Ashan/20180916/versions/done_edited/done_edited.sdk -hwspec E:/Ashan/20180916/versions/done_edited/done_edited.sdk/design_1_wrapper.hdf
INFO: [Vivado 12-3157] SDK launch initiated. Please check console for any further messages.
launch_sdk -workspace E:/Ashan/20180916/versions/done_edited/done_edited.sdk -hwspec E:/Ashan/20180916/versions/done_edited/done_edited.sdk/design_1_wrapper.hdf
INFO: [Vivado 12-393] Launching SDK...
INFO: [Vivado 12-417] Running xsdk -workspace E:/Ashan/20180916/versions/done_edited/done_edited.sdk -hwspec E:/Ashan/20180916/versions/done_edited/done_edited.sdk/design_1_wrapper.hdf
INFO: [Vivado 12-3157] SDK launch initiated. Please check console for any further messages.
open_bd_design {E:/Ashan/20180916/versions/done_edited/done_edited.srcs/sources_1/bd/design_1/design_1.bd}
Adding component instance block -- xilinx.com:module_ref:axi_lite_slave:1.0 - axi_lite_slave_0
Adding component instance block -- xilinx.com:module_ref:adc:1.0 - adc_0
Adding component instance block -- xilinx.com:ip:axi_gpio:2.0 - axi_gpio_1
Adding component instance block -- xilinx.com:ip:processing_system7:5.5 - processing_system7_0
Adding component instance block -- xilinx.com:ip:axi_interconnect:2.1 - ps7_0_axi_periph
Adding component instance block -- xilinx.com:ip:axi_crossbar:2.1 - xbar
Adding component instance block -- xilinx.com:ip:axi_protocol_converter:2.1 - auto_pc
Adding component instance block -- xilinx.com:ip:proc_sys_reset:5.0 - rst_ps7_0_100M
Adding component instance block -- xilinx.com:ip:axi_gpio:2.0 - axi_gpio_0
WARNING: [BD 41-1731] Type mismatch between connected pins: /axi_lite_slave_0/interrupt(intr) and /adc_0/recieve_ready(undef)
WARNING: [BD 41-1731] Type mismatch between connected pins: /axi_lite_slave_0/interrupt(intr) and /axi_gpio_1/gpio_io_i(undef)
Successfully read diagram <design_1> from BD file <E:/Ashan/20180916/versions/done_edited/done_edited.srcs/sources_1/bd/design_1/design_1.bd>
open_bd_design: Time (s): cpu = 00:00:10 ; elapsed = 00:00:14 . Memory (MB): peak = 999.875 ; gain = 0.000
set_property source_mgmt_mode All [current_project]
file copy -force E:/Ashan/20180916/versions/done_edited/done_edited.runs/impl_1/design_1_wrapper.sysdef E:/Ashan/20180916/versions/done_edited/done_edited.sdk/design_1_wrapper.hdf

launch_sdk -workspace E:/Ashan/20180916/versions/done_edited/done_edited.sdk -hwspec E:/Ashan/20180916/versions/done_edited/done_edited.sdk/design_1_wrapper.hdf
INFO: [Vivado 12-393] Launching SDK...
INFO: [Vivado 12-417] Running xsdk -workspace E:/Ashan/20180916/versions/done_edited/done_edited.sdk -hwspec E:/Ashan/20180916/versions/done_edited/done_edited.sdk/design_1_wrapper.hdf
INFO: [Vivado 12-3157] SDK launch initiated. Please check console for any further messages.
launch_sdk -workspace E:/Ashan/20180916/versions/done_edited/done_edited.sdk -hwspec E:/Ashan/20180916/versions/done_edited/done_edited.sdk/design_1_wrapper.hdf
INFO: [Vivado 12-393] Launching SDK...
INFO: [Vivado 12-417] Running xsdk -workspace E:/Ashan/20180916/versions/done_edited/done_edited.sdk -hwspec E:/Ashan/20180916/versions/done_edited/done_edited.sdk/design_1_wrapper.hdf
INFO: [Vivado 12-3157] SDK launch initiated. Please check console for any further messages.
file copy -force E:/Ashan/20180916/versions/done_edited/done_edited.runs/impl_1/design_1_wrapper.sysdef E:/Ashan/20180916/versions/done_edited/done_edited.sdk/design_1_wrapper.hdf

launch_sdk -workspace E:/Ashan/20180916/versions/done_edited/done_edited.sdk -hwspec E:/Ashan/20180916/versions/done_edited/done_edited.sdk/design_1_wrapper.hdf
INFO: [Vivado 12-393] Launching SDK...
INFO: [Vivado 12-417] Running xsdk -workspace E:/Ashan/20180916/versions/done_edited/done_edited.sdk -hwspec E:/Ashan/20180916/versions/done_edited/done_edited.sdk/design_1_wrapper.hdf
INFO: [Vivado 12-3157] SDK launch initiated. Please check console for any further messages.
reset_run impl_1 -prev_step 
launch_runs impl_1 -to_step write_bitstream -jobs 8
[Tue Jul 23 15:02:17 2019] Launched impl_1...
Run output will be captured here: E:/Ashan/20180916/versions/done_edited/done_edited.runs/impl_1/runme.log
open_run impl_1
INFO: [Device 21-403] Loading part xc7z010clg400-1
INFO: [Netlist 29-17] Analyzing 18 Unisim elements for replacement
INFO: [Netlist 29-28] Unisim Transformation completed in 0 CPU seconds
INFO: [Project 1-479] Netlist was created with Vivado 2019.1
INFO: [Project 1-570] Preparing netlist for logic optimization
INFO: [Timing 38-478] Restoring timing data from binary archive.
INFO: [Timing 38-479] Binary timing data restore complete.
INFO: [Project 1-856] Restoring constraints from binary archive.
INFO: [Project 1-853] Binary constraint restore complete.
Reading XDEF placement.
Reading placer database...
Reading XDEF routing.
Read XDEF File: Time (s): cpu = 00:00:01 ; elapsed = 00:00:00.346 . Memory (MB): peak = 1809.609 ; gain = 0.000
Restored from archive | CPU: 1.000000 secs | Memory: 0.000000 MB |
Finished XDEF File Restore: Time (s): cpu = 00:00:01 ; elapsed = 00:00:00.346 . Memory (MB): peak = 1809.609 ; gain = 0.000
Netlist sorting complete. Time (s): cpu = 00:00:00 ; elapsed = 00:00:00.001 . Memory (MB): peak = 1809.609 ; gain = 0.000
INFO: [Project 1-111] Unisim Transformation Summary:
No Unisim elements were transformed.

open_run: Time (s): cpu = 00:00:26 ; elapsed = 00:00:19 . Memory (MB): peak = 1930.824 ; gain = 930.949
CRITICAL WARNING: [Timing 38-282] The design failed to meet the timing requirements. Please see the timing summary report for details on the timing violations.
file copy -force E:/Ashan/20180916/versions/done_edited/done_edited.runs/impl_1/design_1_wrapper.sysdef E:/Ashan/20180916/versions/done_edited/done_edited.sdk/design_1_wrapper.hdf

launch_sdk -workspace E:/Ashan/20180916/versions/done_edited/done_edited.sdk -hwspec E:/Ashan/20180916/versions/done_edited/done_edited.sdk/design_1_wrapper.hdf
INFO: [Vivado 12-393] Launching SDK...
INFO: [Vivado 12-417] Running xsdk -workspace E:/Ashan/20180916/versions/done_edited/done_edited.sdk -hwspec E:/Ashan/20180916/versions/done_edited/done_edited.sdk/design_1_wrapper.hdf
INFO: [Vivado 12-3157] SDK launch initiated. Please check console for any further messages.
exit
INFO: [Common 17-206] Exiting Vivado at Tue Jul 23 15:18:40 2019...
