#-----------------------------------------------------------
# Vivado v2016.4 (64-bit)
# SW Build 1756540 on Mon Jan 23 19:11:23 MST 2017
# IP Build 1755317 on Mon Jan 23 20:30:07 MST 2017
# Start of session at: Thu Jan 17 11:06:49 2019
# Process ID: 1304
# Current directory: E:/diary/20180916/done_edited
# Command line: vivado.exe -gui_launcher_event rodinguilauncherevent4232 E:\diary\20180916\done_edited\done_edited.xpr
# Log file: E:/diary/20180916/done_edited/vivado.log
# Journal file: E:/diary/20180916/done_edited\vivado.jou
#-----------------------------------------------------------
start_gui
open_project E:/diary/20180916/done_edited/done_edited.xpr
INFO: [Project 1-313] Project file moved from 'E:/diary/16-9-2018/done_edited' since last save.
Scanning sources...
Finished scanning sources
INFO: [IP_Flow 19-234] Refreshing IP repositories
INFO: [IP_Flow 19-1704] No user IP repositories specified
INFO: [IP_Flow 19-2313] Loaded Vivado IP repository 'D:/Vivado_16/Vivado/2016.4/data/ip'.
WARNING: [IP_Flow 19-3664] IP 'design_1_processing_system7_0_0' generated file not found 'e:/diary/20180916/done_edited/done_edited.srcs/sources_1/bd/design_1/ip/design_1_processing_system7_0_0/sim/libps7.so'. Please regenerate to continue.
WARNING: [IP_Flow 19-3664] IP 'design_1_processing_system7_0_0' generated file not found 'e:/diary/20180916/done_edited/done_edited.srcs/sources_1/bd/design_1/ip/design_1_processing_system7_0_0/sim/libremoteport.so'. Please regenerate to continue.
open_project: Time (s): cpu = 00:00:34 ; elapsed = 00:00:23 . Memory (MB): peak = 821.285 ; gain = 163.855
launch_sdk -workspace E:/diary/20180916/done_edited/done_edited.sdk -hwspec E:/diary/20180916/done_edited/done_edited.sdk/design_1_wrapper.hdf
INFO: [Vivado 12-393] Launching SDK...
INFO: [Vivado 12-417] Running xsdk -workspace E:/diary/20180916/done_edited/done_edited.sdk -hwspec E:/diary/20180916/done_edited/done_edited.sdk/design_1_wrapper.hdf
INFO: [Vivado 12-3157] SDK launch initiated. Please check console for any further messages.
